C:\Users\ladsa\RiderProjects\bma\ui\dist\out-tsc\app\app-routing.module.js
C:\Users\ladsa\RiderProjects\bma\ui\dist\out-tsc\app\app-routing.module.js.map
C:\Users\ladsa\RiderProjects\bma\ui\dist\out-tsc\app\app.component.js
C:\Users\ladsa\RiderProjects\bma\ui\dist\out-tsc\app\app.component.js.map
C:\Users\ladsa\RiderProjects\bma\ui\dist\out-tsc\app\shared\RentalDetails.js
C:\Users\ladsa\RiderProjects\bma\ui\dist\out-tsc\app\shared\RentalDetails.js.map
C:\Users\ladsa\RiderProjects\bma\ui\dist\out-tsc\app\shared\RentalDetails.service.js
C:\Users\ladsa\RiderProjects\bma\ui\dist\out-tsc\app\shared\RentalDetails.service.js.map
C:\Users\ladsa\RiderProjects\bma\ui\dist\out-tsc\app\components\rental-details\rental-details.component.js
C:\Users\ladsa\RiderProjects\bma\ui\dist\out-tsc\app\components\rental-details\rental-details.component.js.map
C:\Users\ladsa\RiderProjects\bma\ui\dist\out-tsc\app\app.module.js
C:\Users\ladsa\RiderProjects\bma\ui\dist\out-tsc\app\app.module.js.map
C:\Users\ladsa\RiderProjects\bma\ui\dist\out-tsc\environments\environment.js
C:\Users\ladsa\RiderProjects\bma\ui\dist\out-tsc\environments\environment.js.map
C:\Users\ladsa\RiderProjects\bma\ui\dist\out-tsc\main.js
C:\Users\ladsa\RiderProjects\bma\ui\dist\out-tsc\main.js.map
C:\Users\ladsa\RiderProjects\bma\ui\dist\out-tsc\polyfills.js
C:\Users\ladsa\RiderProjects\bma\ui\dist\out-tsc\polyfills.js.map
C:\Users\ladsa\RiderProjects\bma\ui\dist\out-tsc\test.js
C:\Users\ladsa\RiderProjects\bma\ui\dist\out-tsc\test.js.map
C:\Users\ladsa\RiderProjects\bma\ui\dist\out-tsc\app\app.component.spec.js
C:\Users\ladsa\RiderProjects\bma\ui\dist\out-tsc\app\app.component.spec.js.map
C:\Users\ladsa\RiderProjects\bma\ui\dist\out-tsc\environments\environment.prod.js
C:\Users\ladsa\RiderProjects\bma\ui\dist\out-tsc\environments\environment.prod.js.map
